<?xml version="1.0" encoding="UTF-8"?>
<!-- Generated by org.testng.reporters.JUnitReportReporter -->
<testsuite hostname="w01lap168" name="AppDirectSignUp.AppDirect_Yahoo_OldAccount" tests="1" failures="0" timestamp="19 Sep 2015 15:09:57 GMT" time="22.531" errors="0">
  <testcase name="main" time="22.531" classname="AppDirectSignUp.AppDirect_Yahoo_OldAccount"/>
</testsuite> <!-- AppDirectSignUp.AppDirect_Yahoo_OldAccount -->
