<?xml version="1.0" encoding="UTF-8"?>
<!-- Generated by org.testng.reporters.JUnitReportReporter -->
<testsuite hostname="w01lap168" name="AppDirectSignUp.AppDirect_RegularActivation" tests="1" failures="0" timestamp="20 Sep 2015 15:44:41 GMT" time="50.333" errors="0">
  <testcase name="main" time="50.333" classname="AppDirectSignUp.AppDirect_RegularActivation"/>
</testsuite> <!-- AppDirectSignUp.AppDirect_RegularActivation -->
