<?xml version="1.0" encoding="UTF-8"?>
<!-- Generated by org.testng.reporters.JUnitReportReporter -->
<testsuite hostname="w01lap168" name="AppDirectSignUp.AppDirect_RegularSignUp" tests="1" failures="0" timestamp="20 Sep 2015 17:18:51 GMT" time="49.392" errors="0">
  <testcase name="main" time="49.392" classname="AppDirectSignUp.AppDirect_RegularSignUp"/>
</testsuite> <!-- AppDirectSignUp.AppDirect_RegularSignUp -->
