<?xml version="1.0" encoding="UTF-8"?>
<!-- Generated by org.testng.reporters.JUnitReportReporter -->
<testsuite hostname="w01lap168" name="AppDirectSignUp.RegularSignUp" tests="1" failures="0" timestamp="19 Sep 2015 17:11:46 GMT" time="73.216" errors="0">
  <testcase name="main" time="73.216" classname="AppDirectSignUp.RegularSignUp"/>
</testsuite> <!-- AppDirectSignUp.RegularSignUp -->
