<?xml version="1.0" encoding="UTF-8"?>
<!-- Generated by org.testng.reporters.JUnitReportReporter -->
<testsuite hostname="w01lap168" name="AppDirectSignUp.AppDirect_Yahoo" tests="1" failures="0" timestamp="19 Sep 2015 17:14:45 GMT" time="24.201" errors="0">
  <testcase name="main" time="24.201" classname="AppDirectSignUp.AppDirect_Yahoo"/>
</testsuite> <!-- AppDirectSignUp.AppDirect_Yahoo -->
